<?xml version="1.0" encoding="UTF-8"?>
<!-- Generated by org.testng.reporters.JUnitReportReporter -->
<testsuite hostname="QT-INBG-LT1932" failures="0" tests="1" name="SignIn" time="11.943" errors="0" timestamp="2022-09-16T16:41:34 IST" skipped="0">
  <testcase classname="SignIn" name="SignIn" time="11.943"/>
  <system-out/>
</testsuite> <!-- SignIn -->
