<?xml version="1.0" encoding="UTF-8"?>
<!-- Generated by org.testng.reporters.JUnitReportReporter -->
<testsuite hostname="QT-INBG-LT1932" failures="0" tests="7" name="ContactUs" time="12.643" errors="0" timestamp="2022-09-16T17:11:20 IST" skipped="0">
  <testcase classname="ContactUs" name="launchBrowser" time="4.792"/>
  <system-out/>
  <testcase classname="ContactUs" name="clickContactUs" time="2.352"/>
  <system-out/>
  <testcase classname="ContactUs" name="enterName" time="0.091"/>
  <system-out/>
  <testcase classname="ContactUs" name="enterMail" time="0.092"/>
  <system-out/>
  <testcase classname="ContactUs" name="enterPhoneNumber" time="0.084"/>
  <system-out/>
  <testcase classname="ContactUs" name="enterMessage" time="5.083"/>
  <system-out/>
  <testcase classname="ContactUs" name="clickOnSend" time="0.149"/>
  <system-out/>
</testsuite> <!-- ContactUs -->
