<?xml version="1.0" encoding="UTF-8"?>
<!-- Generated by org.testng.reporters.JUnitReportReporter -->
<testsuite hostname="QT-INBG-LT1932" failures="0" tests="1" name="Signup" time="12.179" errors="0" timestamp="2022-09-16T16:41:34 IST" skipped="0">
  <testcase classname="Signup" name="signup" time="12.179"/>
  <system-out/>
</testsuite> <!-- Signup -->
